<?xml version="1.0" encoding="UTF-8"?>
<testng-results skipped="0" failed="0" total="1" passed="1">
  <reporter-output>
  </reporter-output>
  <suite name="Default suite" duration-ms="107738" started-at="2015-01-18T17:07:08Z" finished-at="2015-01-18T17:08:56Z">
    <groups>
    </groups>
    <test name="Default test" duration-ms="107738" started-at="2015-01-18T17:07:08Z" finished-at="2015-01-18T17:08:56Z">
      <class name="com.eventgrid.tests.LoginTest">
        <test-method status="PASS" signature="setUp()[pri:0, instance:com.eventgrid.tests.LoginTest@4d4acd0b]" name="setUp" is-config="true" duration-ms="13898" started-at="2015-01-18T19:07:08Z" finished-at="2015-01-18T19:07:22Z">
          <reporter-output>
          </reporter-output>
        </test-method> <!-- setUp -->
        <test-method status="PASS" signature="testUntitled()[pri:0, instance:com.eventgrid.tests.LoginTest@4d4acd0b]" name="testUntitled" duration-ms="93139" started-at="2015-01-18T19:07:22Z" finished-at="2015-01-18T19:08:55Z">
          <reporter-output>
          </reporter-output>
        </test-method> <!-- testUntitled -->
        <test-method status="PASS" signature="tearDown()[pri:0, instance:com.eventgrid.tests.LoginTest@4d4acd0b]" name="tearDown" is-config="true" duration-ms="687" started-at="2015-01-18T19:08:55Z" finished-at="2015-01-18T19:08:56Z">
          <reporter-output>
          </reporter-output>
        </test-method> <!-- tearDown -->
      </class> <!-- com.eventgrid.tests.LoginTest -->
    </test> <!-- Default test -->
  </suite> <!-- Default suite -->
</testng-results>
